2024-04-27 00:14:39 [SpringApplicationShutdownHook] INFO  o.s.o.j.LocalContainerEntityManagerFactoryBean - Closing JPA EntityManagerFactory for persistence unit 'default'
2024-04-27 00:14:39 [SpringApplicationShutdownHook] INFO  com.zaxxer.hikari.HikariDataSource - HikariPool-1 - Shutdown initiated...
2024-04-27 00:14:39 [SpringApplicationShutdownHook] INFO  com.zaxxer.hikari.HikariDataSource - HikariPool-1 - Shutdown completed.
2024-04-27 11:27:32 [main] INFO  com.mokhir.dev.ATM.AtmApplication - Starting AtmApplication using Java 17.0.11 with PID 3816 (C:\Users\moxir\IdeaProjects\ATM\target\classes started by moxir in C:\Users\moxir\IdeaProjects\ATM)
2024-04-27 11:27:32 [main] INFO  com.mokhir.dev.ATM.AtmApplication - No active profile set, falling back to 1 default profile: "default"
2024-04-27 11:27:34 [main] INFO  o.s.d.r.c.RepositoryConfigurationDelegate - Bootstrapping Spring Data JPA repositories in DEFAULT mode.
2024-04-27 11:27:35 [main] INFO  o.s.d.r.c.RepositoryConfigurationDelegate - Finished Spring Data repository scanning in 272 ms. Found 7 JPA repository interfaces.
2024-04-27 11:27:37 [main] INFO  o.s.b.w.e.tomcat.TomcatWebServer - Tomcat initialized with port 8080 (http)
2024-04-27 11:27:37 [main] INFO  o.a.catalina.core.StandardService - Starting service [Tomcat]
2024-04-27 11:27:37 [main] INFO  o.a.catalina.core.StandardEngine - Starting Servlet engine: [Apache Tomcat/10.1.20]
2024-04-27 11:27:37 [main] INFO  o.a.c.c.C.[Tomcat].[localhost].[/] - Initializing Spring embedded WebApplicationContext
2024-04-27 11:27:37 [main] INFO  o.s.b.w.s.c.ServletWebServerApplicationContext - Root WebApplicationContext: initialization completed in 4888 ms
2024-04-27 11:27:38 [main] INFO  o.s.o.j.p.SpringPersistenceUnitInfo - No LoadTimeWeaver setup: ignoring JPA class transformer
2024-04-27 11:27:38 [main] INFO  com.zaxxer.hikari.HikariDataSource - HikariPool-1 - Starting...
2024-04-27 11:27:39 [main] INFO  com.zaxxer.hikari.pool.HikariPool - HikariPool-1 - Added connection org.postgresql.jdbc.PgConnection@65fc8edc
2024-04-27 11:27:39 [main] INFO  com.zaxxer.hikari.HikariDataSource - HikariPool-1 - Start completed.
2024-04-27 11:27:42 [main] INFO  o.s.o.j.LocalContainerEntityManagerFactoryBean - Initialized JPA EntityManagerFactory for persistence unit 'default'
2024-04-27 11:27:44 [main] WARN  o.s.b.a.o.j.JpaBaseConfiguration$JpaWebConfiguration - spring.jpa.open-in-view is enabled by default. Therefore, database queries may be performed during view rendering. Explicitly configure spring.jpa.open-in-view to disable this warning
2024-04-27 11:27:44 [main] DEBUG o.s.w.s.m.m.a.RequestMappingHandlerMapping - 19 mappings in 'requestMappingHandlerMapping'
2024-04-27 11:27:44 [main] DEBUG o.s.w.s.h.SimpleUrlHandlerMapping - Patterns [/webjars/**, /**] in 'resourceHandlerMapping'
2024-04-27 11:27:44 [main] DEBUG o.s.w.s.m.m.a.RequestMappingHandlerAdapter - ControllerAdvice beans: 0 @ModelAttribute, 0 @InitBinder, 1 RequestBodyAdvice, 1 ResponseBodyAdvice
2024-04-27 11:27:44 [main] DEBUG o.s.w.s.m.m.a.ExceptionHandlerExceptionResolver - ControllerAdvice beans: 1 @ExceptionHandler, 1 ResponseBodyAdvice
2024-04-27 11:27:45 [main] INFO  o.s.b.w.e.tomcat.TomcatWebServer - Tomcat started on port 8080 (http) with context path ''
2024-04-27 11:27:45 [main] INFO  com.mokhir.dev.ATM.AtmApplication - Started AtmApplication in 14.659 seconds (process running for 18.647)
2024-04-27 11:38:50 [http-nio-8080-exec-2] INFO  o.a.c.c.C.[Tomcat].[localhost].[/] - Initializing Spring DispatcherServlet 'dispatcherServlet'
2024-04-27 11:38:50 [http-nio-8080-exec-2] INFO  o.s.web.servlet.DispatcherServlet - Initializing Servlet 'dispatcherServlet'
2024-04-27 11:38:50 [http-nio-8080-exec-2] DEBUG o.s.web.servlet.DispatcherServlet - Detected StandardServletMultipartResolver
2024-04-27 11:38:50 [http-nio-8080-exec-2] DEBUG o.s.web.servlet.DispatcherServlet - Detected AcceptHeaderLocaleResolver
2024-04-27 11:38:50 [http-nio-8080-exec-2] DEBUG o.s.web.servlet.DispatcherServlet - Detected FixedThemeResolver
2024-04-27 11:38:50 [http-nio-8080-exec-2] DEBUG o.s.web.servlet.DispatcherServlet - Detected org.springframework.web.servlet.view.DefaultRequestToViewNameTranslator@383a5260
2024-04-27 11:38:50 [http-nio-8080-exec-2] DEBUG o.s.web.servlet.DispatcherServlet - Detected org.springframework.web.servlet.support.SessionFlashMapManager@1ced1d14
2024-04-27 11:38:50 [http-nio-8080-exec-2] DEBUG o.s.web.servlet.DispatcherServlet - enableLoggingRequestDetails='false': request parameters and headers will be masked to prevent unsafe logging of potentially sensitive data
2024-04-27 11:38:50 [http-nio-8080-exec-2] INFO  o.s.web.servlet.DispatcherServlet - Completed initialization in 11 ms
2024-04-27 11:38:50 [http-nio-8080-exec-2] DEBUG o.s.web.servlet.DispatcherServlet - POST "/api/v1/money/fill", parameters={}
2024-04-27 11:38:50 [http-nio-8080-exec-2] DEBUG o.s.w.s.m.m.a.RequestMappingHandlerMapping - Mapped to com.mokhir.dev.ATM.controller.CardTransactionController#fill(FillingReqDto, HttpServletRequest)
2024-04-27 11:38:50 [http-nio-8080-exec-2] DEBUG o.s.w.s.m.m.a.RequestResponseBodyMethodProcessor - Read "application/json;charset=UTF-8" to [FillingReqDto(cardNumber=8600558185691201, cardPin=2020, chequeIsNeed=true, amount=100000)]
2024-04-27 11:38:50 [http-nio-8080-exec-2] INFO  c.mokhir.dev.ATM.service.CardService - Client host : 		 "192.168.68.173"
2024-04-27 11:38:50 [http-nio-8080-exec-2] INFO  c.mokhir.dev.ATM.service.CardService - Client IP :  		 "localhost"
2024-04-27 11:38:51 [http-nio-8080-exec-2] INFO  c.mokhir.dev.ATM.service.CardService - Client host : 		 "192.168.68.173"
2024-04-27 11:38:51 [http-nio-8080-exec-2] INFO  c.mokhir.dev.ATM.service.CardService - Client IP :  		 "localhost"
2024-04-27 11:38:51 [http-nio-8080-exec-2] DEBUG o.s.w.s.m.m.a.ExceptionHandlerExceptionResolver - Using @ExceptionHandler com.mokhir.dev.ATM.exceptions.controller.ExceptionController#on(DatabaseException)
2024-04-27 11:38:51 [http-nio-8080-exec-2] ERROR c.mokhir.dev.ATM.service.CardService - DatabaseException: Cannot invoke "com.mokhir.dev.ATM.aggregate.dto.res_dto.CardResDto.getCardNumber()" because "fromCard" is null 
2024-04-27 11:38:51 [http-nio-8080-exec-2] DEBUG o.s.w.s.m.m.a.HttpEntityMethodProcessor - Using 'application/json', given [*/*] and supported [application/json, application/*+json]
2024-04-27 11:38:51 [http-nio-8080-exec-2] DEBUG o.s.w.s.m.m.a.HttpEntityMethodProcessor - Writing [ErrorResponse(code=400, message=Some thing went wrong, issue in Database, meta=Cannot invoke "com.mo (truncated)...]
2024-04-27 11:38:51 [http-nio-8080-exec-2] DEBUG o.s.w.s.m.m.a.ExceptionHandlerExceptionResolver - Resolved [com.mokhir.dev.ATM.exceptions.DatabaseException: Cannot invoke "com.mokhir.dev.ATM.aggregate.dto.res_dto.CardResDto.getCardNumber()" because "fromCard" is null]
2024-04-27 11:38:51 [http-nio-8080-exec-2] DEBUG o.s.web.servlet.DispatcherServlet - Completed 400 BAD_REQUEST
2024-04-27 11:39:55 [SpringApplicationShutdownHook] INFO  o.s.o.j.LocalContainerEntityManagerFactoryBean - Closing JPA EntityManagerFactory for persistence unit 'default'
2024-04-27 11:39:55 [SpringApplicationShutdownHook] INFO  com.zaxxer.hikari.HikariDataSource - HikariPool-1 - Shutdown initiated...
2024-04-27 11:39:56 [SpringApplicationShutdownHook] INFO  com.zaxxer.hikari.HikariDataSource - HikariPool-1 - Shutdown completed.
2024-04-27 11:40:07 [main] INFO  com.mokhir.dev.ATM.AtmApplication - Starting AtmApplication using Java 17.0.11 with PID 13648 (C:\Users\moxir\IdeaProjects\ATM\target\classes started by moxir in C:\Users\moxir\IdeaProjects\ATM)
2024-04-27 11:40:07 [main] INFO  com.mokhir.dev.ATM.AtmApplication - No active profile set, falling back to 1 default profile: "default"
2024-04-27 11:40:08 [main] INFO  o.s.d.r.c.RepositoryConfigurationDelegate - Bootstrapping Spring Data JPA repositories in DEFAULT mode.
2024-04-27 11:40:08 [main] INFO  o.s.d.r.c.RepositoryConfigurationDelegate - Finished Spring Data repository scanning in 167 ms. Found 7 JPA repository interfaces.
2024-04-27 11:40:09 [main] INFO  o.s.b.w.e.tomcat.TomcatWebServer - Tomcat initialized with port 8080 (http)
2024-04-27 11:40:09 [main] INFO  o.a.catalina.core.StandardService - Starting service [Tomcat]
2024-04-27 11:40:09 [main] INFO  o.a.catalina.core.StandardEngine - Starting Servlet engine: [Apache Tomcat/10.1.20]
2024-04-27 11:40:09 [main] INFO  o.a.c.c.C.[Tomcat].[localhost].[/] - Initializing Spring embedded WebApplicationContext
2024-04-27 11:40:09 [main] INFO  o.s.b.w.s.c.ServletWebServerApplicationContext - Root WebApplicationContext: initialization completed in 2283 ms
2024-04-27 11:40:11 [main] INFO  o.s.o.j.p.SpringPersistenceUnitInfo - No LoadTimeWeaver setup: ignoring JPA class transformer
2024-04-27 11:40:11 [main] INFO  com.zaxxer.hikari.HikariDataSource - HikariPool-1 - Starting...
2024-04-27 11:40:12 [main] INFO  com.zaxxer.hikari.pool.HikariPool - HikariPool-1 - Added connection org.postgresql.jdbc.PgConnection@11574592
2024-04-27 11:40:12 [main] INFO  com.zaxxer.hikari.HikariDataSource - HikariPool-1 - Start completed.
2024-04-27 11:40:14 [main] INFO  o.s.o.j.LocalContainerEntityManagerFactoryBean - Initialized JPA EntityManagerFactory for persistence unit 'default'
2024-04-27 11:40:15 [main] WARN  o.s.b.a.o.j.JpaBaseConfiguration$JpaWebConfiguration - spring.jpa.open-in-view is enabled by default. Therefore, database queries may be performed during view rendering. Explicitly configure spring.jpa.open-in-view to disable this warning
2024-04-27 11:40:16 [main] DEBUG o.s.w.s.m.m.a.RequestMappingHandlerMapping - 19 mappings in 'requestMappingHandlerMapping'
2024-04-27 11:40:16 [main] DEBUG o.s.w.s.h.SimpleUrlHandlerMapping - Patterns [/webjars/**, /**] in 'resourceHandlerMapping'
2024-04-27 11:40:16 [main] DEBUG o.s.w.s.m.m.a.RequestMappingHandlerAdapter - ControllerAdvice beans: 0 @ModelAttribute, 0 @InitBinder, 1 RequestBodyAdvice, 1 ResponseBodyAdvice
2024-04-27 11:40:16 [main] DEBUG o.s.w.s.m.m.a.ExceptionHandlerExceptionResolver - ControllerAdvice beans: 1 @ExceptionHandler, 1 ResponseBodyAdvice
2024-04-27 11:40:16 [main] INFO  o.s.b.w.e.tomcat.TomcatWebServer - Tomcat started on port 8080 (http) with context path ''
2024-04-27 11:40:16 [main] INFO  com.mokhir.dev.ATM.AtmApplication - Started AtmApplication in 10.894 seconds (process running for 12.925)
2024-04-27 11:40:32 [http-nio-8080-exec-1] INFO  o.a.c.c.C.[Tomcat].[localhost].[/] - Initializing Spring DispatcherServlet 'dispatcherServlet'
2024-04-27 11:40:32 [http-nio-8080-exec-1] INFO  o.s.web.servlet.DispatcherServlet - Initializing Servlet 'dispatcherServlet'
2024-04-27 11:40:32 [http-nio-8080-exec-1] DEBUG o.s.web.servlet.DispatcherServlet - Detected StandardServletMultipartResolver
2024-04-27 11:40:32 [http-nio-8080-exec-1] DEBUG o.s.web.servlet.DispatcherServlet - Detected AcceptHeaderLocaleResolver
2024-04-27 11:40:32 [http-nio-8080-exec-1] DEBUG o.s.web.servlet.DispatcherServlet - Detected FixedThemeResolver
2024-04-27 11:40:32 [http-nio-8080-exec-1] DEBUG o.s.web.servlet.DispatcherServlet - Detected org.springframework.web.servlet.view.DefaultRequestToViewNameTranslator@277dddcf
2024-04-27 11:40:32 [http-nio-8080-exec-1] DEBUG o.s.web.servlet.DispatcherServlet - Detected org.springframework.web.servlet.support.SessionFlashMapManager@53202b06
2024-04-27 11:40:32 [http-nio-8080-exec-1] DEBUG o.s.web.servlet.DispatcherServlet - enableLoggingRequestDetails='false': request parameters and headers will be masked to prevent unsafe logging of potentially sensitive data
2024-04-27 11:40:32 [http-nio-8080-exec-1] INFO  o.s.web.servlet.DispatcherServlet - Completed initialization in 7 ms
2024-04-27 11:40:32 [http-nio-8080-exec-1] DEBUG o.s.web.servlet.DispatcherServlet - POST "/api/v1/money/fill", parameters={}
2024-04-27 11:40:32 [http-nio-8080-exec-1] DEBUG o.s.w.s.m.m.a.RequestMappingHandlerMapping - Mapped to com.mokhir.dev.ATM.controller.CardTransactionController#fill(FillingReqDto, HttpServletRequest)
2024-04-27 11:40:33 [http-nio-8080-exec-1] DEBUG o.s.w.s.m.m.a.RequestResponseBodyMethodProcessor - Read "application/json;charset=UTF-8" to [FillingReqDto(cardNumber=8600558185691201, cardPin=2020, chequeIsNeed=true, amount=100000)]
2024-04-27 11:40:33 [http-nio-8080-exec-1] INFO  c.mokhir.dev.ATM.service.CardService - Client host : 		 "192.168.68.173"
2024-04-27 11:40:33 [http-nio-8080-exec-1] INFO  c.mokhir.dev.ATM.service.CardService - Client IP :  		 "localhost"
2024-04-27 11:40:33 [http-nio-8080-exec-1] INFO  c.mokhir.dev.ATM.service.CardService - Client host : 		 "192.168.68.173"
2024-04-27 11:40:33 [http-nio-8080-exec-1] INFO  c.mokhir.dev.ATM.service.CardService - Client IP :  		 "localhost"
2024-04-27 11:40:33 [http-nio-8080-exec-1] DEBUG o.s.w.s.m.m.a.ExceptionHandlerExceptionResolver - Using @ExceptionHandler com.mokhir.dev.ATM.exceptions.controller.ExceptionController#on(DatabaseException)
2024-04-27 11:40:33 [http-nio-8080-exec-1] ERROR c.mokhir.dev.ATM.service.CardService - DatabaseException: Cannot invoke "com.mokhir.dev.ATM.aggregate.dto.res_dto.CardResDto.getCardNumber()" because "fromCard" is null 
2024-04-27 11:40:33 [http-nio-8080-exec-1] DEBUG o.s.w.s.m.m.a.HttpEntityMethodProcessor - Using 'application/json', given [*/*] and supported [application/json, application/*+json]
2024-04-27 11:40:33 [http-nio-8080-exec-1] DEBUG o.s.w.s.m.m.a.HttpEntityMethodProcessor - Writing [ErrorResponse(code=400, message=Some thing went wrong, issue in Database, meta=Cannot invoke "com.mo (truncated)...]
2024-04-27 11:40:33 [http-nio-8080-exec-1] DEBUG o.s.w.s.m.m.a.ExceptionHandlerExceptionResolver - Resolved [com.mokhir.dev.ATM.exceptions.DatabaseException: Cannot invoke "com.mokhir.dev.ATM.aggregate.dto.res_dto.CardResDto.getCardNumber()" because "fromCard" is null]
2024-04-27 11:40:33 [http-nio-8080-exec-1] DEBUG o.s.web.servlet.DispatcherServlet - Completed 400 BAD_REQUEST
2024-04-27 11:41:34 [SpringApplicationShutdownHook] INFO  o.s.o.j.LocalContainerEntityManagerFactoryBean - Closing JPA EntityManagerFactory for persistence unit 'default'
2024-04-27 11:41:34 [SpringApplicationShutdownHook] INFO  com.zaxxer.hikari.HikariDataSource - HikariPool-1 - Shutdown initiated...
2024-04-27 11:41:34 [SpringApplicationShutdownHook] INFO  com.zaxxer.hikari.HikariDataSource - HikariPool-1 - Shutdown completed.
2024-04-27 11:41:47 [main] INFO  com.mokhir.dev.ATM.AtmApplication - Starting AtmApplication using Java 17.0.11 with PID 19000 (C:\Users\moxir\IdeaProjects\ATM\target\classes started by moxir in C:\Users\moxir\IdeaProjects\ATM)
2024-04-27 11:41:47 [main] INFO  com.mokhir.dev.ATM.AtmApplication - No active profile set, falling back to 1 default profile: "default"
2024-04-27 11:41:49 [main] INFO  o.s.d.r.c.RepositoryConfigurationDelegate - Bootstrapping Spring Data JPA repositories in DEFAULT mode.
2024-04-27 11:41:49 [main] INFO  o.s.d.r.c.RepositoryConfigurationDelegate - Finished Spring Data repository scanning in 181 ms. Found 7 JPA repository interfaces.
2024-04-27 11:41:50 [main] INFO  o.s.b.w.e.tomcat.TomcatWebServer - Tomcat initialized with port 8080 (http)
2024-04-27 11:41:50 [main] INFO  o.a.catalina.core.StandardService - Starting service [Tomcat]
2024-04-27 11:41:50 [main] INFO  o.a.catalina.core.StandardEngine - Starting Servlet engine: [Apache Tomcat/10.1.20]
2024-04-27 11:41:50 [main] INFO  o.a.c.c.C.[Tomcat].[localhost].[/] - Initializing Spring embedded WebApplicationContext
2024-04-27 11:41:50 [main] INFO  o.s.b.w.s.c.ServletWebServerApplicationContext - Root WebApplicationContext: initialization completed in 3523 ms
2024-04-27 11:41:51 [main] INFO  o.s.o.j.p.SpringPersistenceUnitInfo - No LoadTimeWeaver setup: ignoring JPA class transformer
2024-04-27 11:41:52 [main] INFO  com.zaxxer.hikari.HikariDataSource - HikariPool-1 - Starting...
2024-04-27 11:41:52 [main] INFO  com.zaxxer.hikari.pool.HikariPool - HikariPool-1 - Added connection org.postgresql.jdbc.PgConnection@350d26f3
2024-04-27 11:41:52 [main] INFO  com.zaxxer.hikari.HikariDataSource - HikariPool-1 - Start completed.
2024-04-27 11:41:55 [main] INFO  o.s.o.j.LocalContainerEntityManagerFactoryBean - Initialized JPA EntityManagerFactory for persistence unit 'default'
2024-04-27 11:41:57 [main] WARN  o.s.b.a.o.j.JpaBaseConfiguration$JpaWebConfiguration - spring.jpa.open-in-view is enabled by default. Therefore, database queries may be performed during view rendering. Explicitly configure spring.jpa.open-in-view to disable this warning
2024-04-27 11:41:57 [main] DEBUG o.s.w.s.m.m.a.RequestMappingHandlerMapping - 19 mappings in 'requestMappingHandlerMapping'
2024-04-27 11:41:57 [main] DEBUG o.s.w.s.h.SimpleUrlHandlerMapping - Patterns [/webjars/**, /**] in 'resourceHandlerMapping'
2024-04-27 11:41:57 [main] DEBUG o.s.w.s.m.m.a.RequestMappingHandlerAdapter - ControllerAdvice beans: 0 @ModelAttribute, 0 @InitBinder, 1 RequestBodyAdvice, 1 ResponseBodyAdvice
2024-04-27 11:41:57 [main] DEBUG o.s.w.s.m.m.a.ExceptionHandlerExceptionResolver - ControllerAdvice beans: 1 @ExceptionHandler, 1 ResponseBodyAdvice
2024-04-27 11:41:58 [main] INFO  o.s.b.w.e.tomcat.TomcatWebServer - Tomcat started on port 8080 (http) with context path ''
2024-04-27 11:41:58 [main] INFO  com.mokhir.dev.ATM.AtmApplication - Started AtmApplication in 12.167 seconds (process running for 14.69)
2024-04-27 11:42:05 [http-nio-8080-exec-3] INFO  o.a.c.c.C.[Tomcat].[localhost].[/] - Initializing Spring DispatcherServlet 'dispatcherServlet'
2024-04-27 11:42:05 [http-nio-8080-exec-3] INFO  o.s.web.servlet.DispatcherServlet - Initializing Servlet 'dispatcherServlet'
2024-04-27 11:42:05 [http-nio-8080-exec-3] DEBUG o.s.web.servlet.DispatcherServlet - Detected StandardServletMultipartResolver
2024-04-27 11:42:05 [http-nio-8080-exec-3] DEBUG o.s.web.servlet.DispatcherServlet - Detected AcceptHeaderLocaleResolver
2024-04-27 11:42:05 [http-nio-8080-exec-3] DEBUG o.s.web.servlet.DispatcherServlet - Detected FixedThemeResolver
2024-04-27 11:42:05 [http-nio-8080-exec-3] DEBUG o.s.web.servlet.DispatcherServlet - Detected org.springframework.web.servlet.view.DefaultRequestToViewNameTranslator@1e9e4468
2024-04-27 11:42:05 [http-nio-8080-exec-3] DEBUG o.s.web.servlet.DispatcherServlet - Detected org.springframework.web.servlet.support.SessionFlashMapManager@8bd9d08
2024-04-27 11:42:05 [http-nio-8080-exec-3] DEBUG o.s.web.servlet.DispatcherServlet - enableLoggingRequestDetails='false': request parameters and headers will be masked to prevent unsafe logging of potentially sensitive data
2024-04-27 11:42:05 [http-nio-8080-exec-3] INFO  o.s.web.servlet.DispatcherServlet - Completed initialization in 10 ms
2024-04-27 11:42:05 [http-nio-8080-exec-3] DEBUG o.s.web.servlet.DispatcherServlet - POST "/api/v1/money/fill", parameters={}
2024-04-27 11:42:05 [http-nio-8080-exec-3] DEBUG o.s.w.s.m.m.a.RequestMappingHandlerMapping - Mapped to com.mokhir.dev.ATM.controller.CardTransactionController#fill(FillingReqDto, HttpServletRequest)
2024-04-27 11:42:05 [http-nio-8080-exec-3] DEBUG o.s.w.s.m.m.a.RequestResponseBodyMethodProcessor - Read "application/json;charset=UTF-8" to [FillingReqDto(cardNumber=8600558185691201, cardPin=2020, chequeIsNeed=true, amount=100000)]
2024-04-27 11:42:05 [http-nio-8080-exec-3] INFO  c.mokhir.dev.ATM.service.CardService - Client host : 		 "192.168.68.173"
2024-04-27 11:42:05 [http-nio-8080-exec-3] INFO  c.mokhir.dev.ATM.service.CardService - Client IP :  		 "localhost"
2024-04-27 11:42:05 [http-nio-8080-exec-3] INFO  c.mokhir.dev.ATM.service.CardService - Client host : 		 "192.168.68.173"
2024-04-27 11:42:05 [http-nio-8080-exec-3] INFO  c.mokhir.dev.ATM.service.CardService - Client IP :  		 "localhost"
2024-04-27 11:42:06 [http-nio-8080-exec-3] DEBUG o.s.w.s.m.m.a.ExceptionHandlerExceptionResolver - Using @ExceptionHandler com.mokhir.dev.ATM.exceptions.controller.ExceptionController#on(DatabaseException)
2024-04-27 11:42:06 [http-nio-8080-exec-3] ERROR c.mokhir.dev.ATM.service.CardService - DatabaseException: Cannot invoke "String.substring(int, int)" because "cardNumber" is null 
2024-04-27 11:42:06 [http-nio-8080-exec-3] DEBUG o.s.w.s.m.m.a.HttpEntityMethodProcessor - Using 'application/json', given [*/*] and supported [application/json, application/*+json]
2024-04-27 11:42:06 [http-nio-8080-exec-3] DEBUG o.s.w.s.m.m.a.HttpEntityMethodProcessor - Writing [ErrorResponse(code=400, message=Some thing went wrong, issue in Database, meta=Cannot invoke "String (truncated)...]
2024-04-27 11:42:06 [http-nio-8080-exec-3] DEBUG o.s.w.s.m.m.a.ExceptionHandlerExceptionResolver - Resolved [com.mokhir.dev.ATM.exceptions.DatabaseException: Cannot invoke "String.substring(int, int)" because "cardNumber" is null]
2024-04-27 11:42:06 [http-nio-8080-exec-3] DEBUG o.s.web.servlet.DispatcherServlet - Completed 400 BAD_REQUEST
2024-04-27 11:46:17 [SpringApplicationShutdownHook] INFO  o.s.o.j.LocalContainerEntityManagerFactoryBean - Closing JPA EntityManagerFactory for persistence unit 'default'
2024-04-27 11:46:17 [SpringApplicationShutdownHook] INFO  com.zaxxer.hikari.HikariDataSource - HikariPool-1 - Shutdown initiated...
2024-04-27 11:46:17 [SpringApplicationShutdownHook] INFO  com.zaxxer.hikari.HikariDataSource - HikariPool-1 - Shutdown completed.
2024-04-27 11:46:29 [main] INFO  com.mokhir.dev.ATM.AtmApplication - Starting AtmApplication using Java 17.0.11 with PID 16876 (C:\Users\moxir\IdeaProjects\ATM\target\classes started by moxir in C:\Users\moxir\IdeaProjects\ATM)
2024-04-27 11:46:29 [main] INFO  com.mokhir.dev.ATM.AtmApplication - No active profile set, falling back to 1 default profile: "default"
2024-04-27 11:46:31 [main] INFO  o.s.d.r.c.RepositoryConfigurationDelegate - Bootstrapping Spring Data JPA repositories in DEFAULT mode.
2024-04-27 11:46:31 [main] INFO  o.s.d.r.c.RepositoryConfigurationDelegate - Finished Spring Data repository scanning in 239 ms. Found 7 JPA repository interfaces.
2024-04-27 11:46:32 [main] INFO  o.s.b.w.e.tomcat.TomcatWebServer - Tomcat initialized with port 8080 (http)
2024-04-27 11:46:32 [main] INFO  o.a.catalina.core.StandardService - Starting service [Tomcat]
2024-04-27 11:46:32 [main] INFO  o.a.catalina.core.StandardEngine - Starting Servlet engine: [Apache Tomcat/10.1.20]
2024-04-27 11:46:32 [main] INFO  o.a.c.c.C.[Tomcat].[localhost].[/] - Initializing Spring embedded WebApplicationContext
2024-04-27 11:46:32 [main] INFO  o.s.b.w.s.c.ServletWebServerApplicationContext - Root WebApplicationContext: initialization completed in 3358 ms
2024-04-27 11:46:34 [main] INFO  o.s.o.j.p.SpringPersistenceUnitInfo - No LoadTimeWeaver setup: ignoring JPA class transformer
2024-04-27 11:46:34 [main] INFO  com.zaxxer.hikari.HikariDataSource - HikariPool-1 - Starting...
2024-04-27 11:46:34 [main] INFO  com.zaxxer.hikari.pool.HikariPool - HikariPool-1 - Added connection org.postgresql.jdbc.PgConnection@416a4275
2024-04-27 11:46:34 [main] INFO  com.zaxxer.hikari.HikariDataSource - HikariPool-1 - Start completed.
2024-04-27 11:46:37 [main] INFO  o.s.o.j.LocalContainerEntityManagerFactoryBean - Initialized JPA EntityManagerFactory for persistence unit 'default'
2024-04-27 11:46:38 [main] WARN  o.s.b.a.o.j.JpaBaseConfiguration$JpaWebConfiguration - spring.jpa.open-in-view is enabled by default. Therefore, database queries may be performed during view rendering. Explicitly configure spring.jpa.open-in-view to disable this warning
2024-04-27 11:46:38 [main] DEBUG o.s.w.s.m.m.a.RequestMappingHandlerMapping - 19 mappings in 'requestMappingHandlerMapping'
2024-04-27 11:46:38 [main] DEBUG o.s.w.s.h.SimpleUrlHandlerMapping - Patterns [/webjars/**, /**] in 'resourceHandlerMapping'
2024-04-27 11:46:38 [main] DEBUG o.s.w.s.m.m.a.RequestMappingHandlerAdapter - ControllerAdvice beans: 0 @ModelAttribute, 0 @InitBinder, 1 RequestBodyAdvice, 1 ResponseBodyAdvice
2024-04-27 11:46:38 [main] DEBUG o.s.w.s.m.m.a.ExceptionHandlerExceptionResolver - ControllerAdvice beans: 1 @ExceptionHandler, 1 ResponseBodyAdvice
2024-04-27 11:46:39 [main] INFO  o.s.b.w.e.tomcat.TomcatWebServer - Tomcat started on port 8080 (http) with context path ''
2024-04-27 11:46:39 [main] INFO  com.mokhir.dev.ATM.AtmApplication - Started AtmApplication in 11.31 seconds (process running for 13.508)
2024-04-27 11:47:26 [http-nio-8080-exec-2] INFO  o.a.c.c.C.[Tomcat].[localhost].[/] - Initializing Spring DispatcherServlet 'dispatcherServlet'
2024-04-27 11:47:26 [http-nio-8080-exec-2] INFO  o.s.web.servlet.DispatcherServlet - Initializing Servlet 'dispatcherServlet'
2024-04-27 11:47:26 [http-nio-8080-exec-2] DEBUG o.s.web.servlet.DispatcherServlet - Detected StandardServletMultipartResolver
2024-04-27 11:47:26 [http-nio-8080-exec-2] DEBUG o.s.web.servlet.DispatcherServlet - Detected AcceptHeaderLocaleResolver
2024-04-27 11:47:26 [http-nio-8080-exec-2] DEBUG o.s.web.servlet.DispatcherServlet - Detected FixedThemeResolver
2024-04-27 11:47:26 [http-nio-8080-exec-2] DEBUG o.s.web.servlet.DispatcherServlet - Detected org.springframework.web.servlet.view.DefaultRequestToViewNameTranslator@2e04c89d
2024-04-27 11:47:26 [http-nio-8080-exec-2] DEBUG o.s.web.servlet.DispatcherServlet - Detected org.springframework.web.servlet.support.SessionFlashMapManager@30ce78e3
2024-04-27 11:47:26 [http-nio-8080-exec-2] DEBUG o.s.web.servlet.DispatcherServlet - enableLoggingRequestDetails='false': request parameters and headers will be masked to prevent unsafe logging of potentially sensitive data
2024-04-27 11:47:26 [http-nio-8080-exec-2] INFO  o.s.web.servlet.DispatcherServlet - Completed initialization in 8 ms
2024-04-27 11:47:26 [http-nio-8080-exec-2] DEBUG o.s.web.servlet.DispatcherServlet - POST "/api/v1/money/fill", parameters={}
2024-04-27 11:47:26 [http-nio-8080-exec-2] DEBUG o.s.w.s.m.m.a.RequestMappingHandlerMapping - Mapped to com.mokhir.dev.ATM.controller.CardTransactionController#fill(FillingReqDto, HttpServletRequest)
2024-04-27 11:47:26 [http-nio-8080-exec-2] DEBUG o.s.w.s.m.m.a.RequestResponseBodyMethodProcessor - Read "application/json;charset=UTF-8" to [FillingReqDto(cardNumber=8600558185691201, cardPin=2020, chequeIsNeed=true, amount=100000)]
2024-04-27 11:47:27 [http-nio-8080-exec-2] INFO  c.mokhir.dev.ATM.service.CardService - Client host : 		 "192.168.68.173"
2024-04-27 11:47:27 [http-nio-8080-exec-2] INFO  c.mokhir.dev.ATM.service.CardService - Client IP :  		 "localhost"
2024-04-27 11:47:27 [http-nio-8080-exec-2] INFO  c.mokhir.dev.ATM.service.CardService - Client host : 		 "192.168.68.173"
2024-04-27 11:47:27 [http-nio-8080-exec-2] INFO  c.mokhir.dev.ATM.service.CardService - Client IP :  		 "localhost"
2024-04-27 11:47:27 [http-nio-8080-exec-2] DEBUG o.s.w.s.m.m.a.ExceptionHandlerExceptionResolver - Using @ExceptionHandler com.mokhir.dev.ATM.exceptions.controller.ExceptionController#on(DatabaseException)
2024-04-27 11:47:27 [http-nio-8080-exec-2] ERROR c.mokhir.dev.ATM.service.CardService - DatabaseException: Cannot invoke "com.mokhir.dev.ATM.aggregate.dto.res_dto.CardResDto.getCardNumber()" because "fromCard" is null 
2024-04-27 11:47:27 [http-nio-8080-exec-2] DEBUG o.s.w.s.m.m.a.HttpEntityMethodProcessor - Using 'application/json', given [*/*] and supported [application/json, application/*+json]
2024-04-27 11:47:27 [http-nio-8080-exec-2] DEBUG o.s.w.s.m.m.a.HttpEntityMethodProcessor - Writing [ErrorResponse(code=400, message=Some thing went wrong, issue in Database, meta=Cannot invoke "com.mo (truncated)...]
2024-04-27 11:47:27 [http-nio-8080-exec-2] DEBUG o.s.w.s.m.m.a.ExceptionHandlerExceptionResolver - Resolved [com.mokhir.dev.ATM.exceptions.DatabaseException: Cannot invoke "com.mokhir.dev.ATM.aggregate.dto.res_dto.CardResDto.getCardNumber()" because "fromCard" is null]
2024-04-27 11:47:27 [http-nio-8080-exec-2] DEBUG o.s.web.servlet.DispatcherServlet - Completed 400 BAD_REQUEST
2024-04-27 11:50:31 [SpringApplicationShutdownHook] INFO  o.s.o.j.LocalContainerEntityManagerFactoryBean - Closing JPA EntityManagerFactory for persistence unit 'default'
2024-04-27 11:50:31 [SpringApplicationShutdownHook] INFO  com.zaxxer.hikari.HikariDataSource - HikariPool-1 - Shutdown initiated...
2024-04-27 11:50:31 [SpringApplicationShutdownHook] INFO  com.zaxxer.hikari.HikariDataSource - HikariPool-1 - Shutdown completed.
2024-04-27 11:50:40 [main] INFO  com.mokhir.dev.ATM.AtmApplication - Starting AtmApplication using Java 17.0.11 with PID 9364 (C:\Users\moxir\IdeaProjects\ATM\target\classes started by moxir in C:\Users\moxir\IdeaProjects\ATM)
2024-04-27 11:50:40 [main] INFO  com.mokhir.dev.ATM.AtmApplication - No active profile set, falling back to 1 default profile: "default"
2024-04-27 11:50:41 [main] INFO  o.s.d.r.c.RepositoryConfigurationDelegate - Bootstrapping Spring Data JPA repositories in DEFAULT mode.
2024-04-27 11:50:41 [main] INFO  o.s.d.r.c.RepositoryConfigurationDelegate - Finished Spring Data repository scanning in 98 ms. Found 7 JPA repository interfaces.
2024-04-27 11:50:42 [main] INFO  o.s.b.w.e.tomcat.TomcatWebServer - Tomcat initialized with port 8080 (http)
2024-04-27 11:50:42 [main] INFO  o.a.catalina.core.StandardService - Starting service [Tomcat]
2024-04-27 11:50:42 [main] INFO  o.a.catalina.core.StandardEngine - Starting Servlet engine: [Apache Tomcat/10.1.20]
2024-04-27 11:50:42 [main] INFO  o.a.c.c.C.[Tomcat].[localhost].[/] - Initializing Spring embedded WebApplicationContext
2024-04-27 11:50:42 [main] INFO  o.s.b.w.s.c.ServletWebServerApplicationContext - Root WebApplicationContext: initialization completed in 1682 ms
2024-04-27 11:50:42 [main] INFO  o.s.o.j.p.SpringPersistenceUnitInfo - No LoadTimeWeaver setup: ignoring JPA class transformer
2024-04-27 11:50:42 [main] INFO  com.zaxxer.hikari.HikariDataSource - HikariPool-1 - Starting...
2024-04-27 11:50:42 [main] INFO  com.zaxxer.hikari.pool.HikariPool - HikariPool-1 - Added connection org.postgresql.jdbc.PgConnection@48ae9e8b
2024-04-27 11:50:42 [main] INFO  com.zaxxer.hikari.HikariDataSource - HikariPool-1 - Start completed.
2024-04-27 11:50:44 [main] INFO  o.s.o.j.LocalContainerEntityManagerFactoryBean - Initialized JPA EntityManagerFactory for persistence unit 'default'
2024-04-27 11:50:45 [main] WARN  o.s.b.a.o.j.JpaBaseConfiguration$JpaWebConfiguration - spring.jpa.open-in-view is enabled by default. Therefore, database queries may be performed during view rendering. Explicitly configure spring.jpa.open-in-view to disable this warning
2024-04-27 11:50:45 [main] DEBUG o.s.w.s.m.m.a.RequestMappingHandlerMapping - 19 mappings in 'requestMappingHandlerMapping'
2024-04-27 11:50:45 [main] DEBUG o.s.w.s.h.SimpleUrlHandlerMapping - Patterns [/webjars/**, /**] in 'resourceHandlerMapping'
2024-04-27 11:50:45 [main] DEBUG o.s.w.s.m.m.a.RequestMappingHandlerAdapter - ControllerAdvice beans: 0 @ModelAttribute, 0 @InitBinder, 1 RequestBodyAdvice, 1 ResponseBodyAdvice
2024-04-27 11:50:45 [main] DEBUG o.s.w.s.m.m.a.ExceptionHandlerExceptionResolver - ControllerAdvice beans: 1 @ExceptionHandler, 1 ResponseBodyAdvice
2024-04-27 11:50:45 [main] INFO  o.s.b.w.e.tomcat.TomcatWebServer - Tomcat started on port 8080 (http) with context path ''
2024-04-27 11:50:45 [main] INFO  com.mokhir.dev.ATM.AtmApplication - Started AtmApplication in 5.959 seconds (process running for 7.475)
2024-04-27 11:51:14 [http-nio-8080-exec-2] INFO  o.a.c.c.C.[Tomcat].[localhost].[/] - Initializing Spring DispatcherServlet 'dispatcherServlet'
2024-04-27 11:51:14 [http-nio-8080-exec-2] INFO  o.s.web.servlet.DispatcherServlet - Initializing Servlet 'dispatcherServlet'
2024-04-27 11:51:14 [http-nio-8080-exec-2] DEBUG o.s.web.servlet.DispatcherServlet - Detected StandardServletMultipartResolver
2024-04-27 11:51:14 [http-nio-8080-exec-2] DEBUG o.s.web.servlet.DispatcherServlet - Detected AcceptHeaderLocaleResolver
2024-04-27 11:51:14 [http-nio-8080-exec-2] DEBUG o.s.web.servlet.DispatcherServlet - Detected FixedThemeResolver
2024-04-27 11:51:14 [http-nio-8080-exec-2] DEBUG o.s.web.servlet.DispatcherServlet - Detected org.springframework.web.servlet.view.DefaultRequestToViewNameTranslator@588614f9
2024-04-27 11:51:14 [http-nio-8080-exec-2] DEBUG o.s.web.servlet.DispatcherServlet - Detected org.springframework.web.servlet.support.SessionFlashMapManager@d8a2b1b
2024-04-27 11:51:14 [http-nio-8080-exec-2] DEBUG o.s.web.servlet.DispatcherServlet - enableLoggingRequestDetails='false': request parameters and headers will be masked to prevent unsafe logging of potentially sensitive data
2024-04-27 11:51:14 [http-nio-8080-exec-2] INFO  o.s.web.servlet.DispatcherServlet - Completed initialization in 4 ms
2024-04-27 11:51:14 [http-nio-8080-exec-2] DEBUG o.s.web.servlet.DispatcherServlet - POST "/api/v1/money/fill", parameters={}
2024-04-27 11:51:14 [http-nio-8080-exec-2] DEBUG o.s.w.s.m.m.a.RequestMappingHandlerMapping - Mapped to com.mokhir.dev.ATM.controller.CardTransactionController#fill(FillingReqDto, HttpServletRequest)
2024-04-27 11:51:14 [http-nio-8080-exec-2] DEBUG o.s.w.s.m.m.a.RequestResponseBodyMethodProcessor - Read "application/json;charset=UTF-8" to [FillingReqDto(cardNumber=8600558185691201, cardPin=2020, chequeIsNeed=true, amount=100000)]
2024-04-27 11:51:14 [http-nio-8080-exec-2] INFO  c.mokhir.dev.ATM.service.CardService - Client host : 		 "192.168.68.173"
2024-04-27 11:51:14 [http-nio-8080-exec-2] INFO  c.mokhir.dev.ATM.service.CardService - Client IP :  		 "localhost"
2024-04-27 11:51:14 [http-nio-8080-exec-2] INFO  c.mokhir.dev.ATM.service.CardService - Client host : 		 "192.168.68.173"
2024-04-27 11:51:14 [http-nio-8080-exec-2] INFO  c.mokhir.dev.ATM.service.CardService - Client IP :  		 "localhost"
2024-04-27 11:51:15 [http-nio-8080-exec-2] DEBUG o.s.w.s.m.m.a.ExceptionHandlerExceptionResolver - Using @ExceptionHandler com.mokhir.dev.ATM.exceptions.controller.ExceptionController#on(DatabaseException)
2024-04-27 11:51:15 [http-nio-8080-exec-2] ERROR c.mokhir.dev.ATM.service.CardService - DatabaseException: Cannot invoke "com.mokhir.dev.ATM.aggregate.dto.res_dto.CardResDto.getCardNumber()" because "fromCard" is null 
2024-04-27 11:51:15 [http-nio-8080-exec-2] DEBUG o.s.w.s.m.m.a.HttpEntityMethodProcessor - Using 'application/json', given [*/*] and supported [application/json, application/*+json]
2024-04-27 11:51:15 [http-nio-8080-exec-2] DEBUG o.s.w.s.m.m.a.HttpEntityMethodProcessor - Writing [ErrorResponse(code=400, message=Some thing went wrong, issue in Database, meta=Cannot invoke "com.mo (truncated)...]
2024-04-27 11:51:15 [http-nio-8080-exec-2] DEBUG o.s.w.s.m.m.a.ExceptionHandlerExceptionResolver - Resolved [com.mokhir.dev.ATM.exceptions.DatabaseException: Cannot invoke "com.mokhir.dev.ATM.aggregate.dto.res_dto.CardResDto.getCardNumber()" because "fromCard" is null]
2024-04-27 11:51:15 [http-nio-8080-exec-2] DEBUG o.s.web.servlet.DispatcherServlet - Completed 400 BAD_REQUEST
2024-04-27 11:53:14 [SpringApplicationShutdownHook] INFO  o.s.o.j.LocalContainerEntityManagerFactoryBean - Closing JPA EntityManagerFactory for persistence unit 'default'
2024-04-27 11:53:14 [SpringApplicationShutdownHook] INFO  com.zaxxer.hikari.HikariDataSource - HikariPool-1 - Shutdown initiated...
2024-04-27 11:53:14 [SpringApplicationShutdownHook] INFO  com.zaxxer.hikari.HikariDataSource - HikariPool-1 - Shutdown completed.
2024-04-27 11:53:21 [main] INFO  com.mokhir.dev.ATM.AtmApplication - Starting AtmApplication using Java 17.0.11 with PID 18388 (C:\Users\moxir\IdeaProjects\ATM\target\classes started by moxir in C:\Users\moxir\IdeaProjects\ATM)
2024-04-27 11:53:21 [main] INFO  com.mokhir.dev.ATM.AtmApplication - No active profile set, falling back to 1 default profile: "default"
2024-04-27 11:53:22 [main] INFO  o.s.d.r.c.RepositoryConfigurationDelegate - Bootstrapping Spring Data JPA repositories in DEFAULT mode.
2024-04-27 11:53:22 [main] INFO  o.s.d.r.c.RepositoryConfigurationDelegate - Finished Spring Data repository scanning in 102 ms. Found 7 JPA repository interfaces.
2024-04-27 11:53:23 [main] INFO  o.s.b.w.e.tomcat.TomcatWebServer - Tomcat initialized with port 8080 (http)
2024-04-27 11:53:23 [main] INFO  o.a.catalina.core.StandardService - Starting service [Tomcat]
2024-04-27 11:53:23 [main] INFO  o.a.catalina.core.StandardEngine - Starting Servlet engine: [Apache Tomcat/10.1.20]
2024-04-27 11:53:23 [main] INFO  o.a.c.c.C.[Tomcat].[localhost].[/] - Initializing Spring embedded WebApplicationContext
2024-04-27 11:53:23 [main] INFO  o.s.b.w.s.c.ServletWebServerApplicationContext - Root WebApplicationContext: initialization completed in 1787 ms
2024-04-27 11:53:24 [main] INFO  o.s.o.j.p.SpringPersistenceUnitInfo - No LoadTimeWeaver setup: ignoring JPA class transformer
2024-04-27 11:53:24 [main] INFO  com.zaxxer.hikari.HikariDataSource - HikariPool-1 - Starting...
2024-04-27 11:53:24 [main] INFO  com.zaxxer.hikari.pool.HikariPool - HikariPool-1 - Added connection org.postgresql.jdbc.PgConnection@50de907a
2024-04-27 11:53:24 [main] INFO  com.zaxxer.hikari.HikariDataSource - HikariPool-1 - Start completed.
2024-04-27 11:53:26 [main] INFO  o.s.o.j.LocalContainerEntityManagerFactoryBean - Initialized JPA EntityManagerFactory for persistence unit 'default'
2024-04-27 11:53:26 [main] WARN  o.s.b.a.o.j.JpaBaseConfiguration$JpaWebConfiguration - spring.jpa.open-in-view is enabled by default. Therefore, database queries may be performed during view rendering. Explicitly configure spring.jpa.open-in-view to disable this warning
2024-04-27 11:53:27 [main] DEBUG o.s.w.s.m.m.a.RequestMappingHandlerMapping - 19 mappings in 'requestMappingHandlerMapping'
2024-04-27 11:53:27 [main] DEBUG o.s.w.s.h.SimpleUrlHandlerMapping - Patterns [/webjars/**, /**] in 'resourceHandlerMapping'
2024-04-27 11:53:27 [main] DEBUG o.s.w.s.m.m.a.RequestMappingHandlerAdapter - ControllerAdvice beans: 0 @ModelAttribute, 0 @InitBinder, 1 RequestBodyAdvice, 1 ResponseBodyAdvice
2024-04-27 11:53:27 [main] DEBUG o.s.w.s.m.m.a.ExceptionHandlerExceptionResolver - ControllerAdvice beans: 1 @ExceptionHandler, 1 ResponseBodyAdvice
2024-04-27 11:53:27 [main] INFO  o.s.b.w.e.tomcat.TomcatWebServer - Tomcat started on port 8080 (http) with context path ''
2024-04-27 11:53:27 [main] INFO  com.mokhir.dev.ATM.AtmApplication - Started AtmApplication in 6.474 seconds (process running for 7.988)
2024-04-27 11:53:35 [http-nio-8080-exec-1] INFO  o.a.c.c.C.[Tomcat].[localhost].[/] - Initializing Spring DispatcherServlet 'dispatcherServlet'
2024-04-27 11:53:35 [http-nio-8080-exec-1] INFO  o.s.web.servlet.DispatcherServlet - Initializing Servlet 'dispatcherServlet'
2024-04-27 11:53:35 [http-nio-8080-exec-1] DEBUG o.s.web.servlet.DispatcherServlet - Detected StandardServletMultipartResolver
2024-04-27 11:53:35 [http-nio-8080-exec-1] DEBUG o.s.web.servlet.DispatcherServlet - Detected AcceptHeaderLocaleResolver
2024-04-27 11:53:35 [http-nio-8080-exec-1] DEBUG o.s.web.servlet.DispatcherServlet - Detected FixedThemeResolver
2024-04-27 11:53:35 [http-nio-8080-exec-1] DEBUG o.s.web.servlet.DispatcherServlet - Detected org.springframework.web.servlet.view.DefaultRequestToViewNameTranslator@2396dc4e
2024-04-27 11:53:35 [http-nio-8080-exec-1] DEBUG o.s.web.servlet.DispatcherServlet - Detected org.springframework.web.servlet.support.SessionFlashMapManager@4f2b1a2f
2024-04-27 11:53:35 [http-nio-8080-exec-1] DEBUG o.s.web.servlet.DispatcherServlet - enableLoggingRequestDetails='false': request parameters and headers will be masked to prevent unsafe logging of potentially sensitive data
2024-04-27 11:53:35 [http-nio-8080-exec-1] INFO  o.s.web.servlet.DispatcherServlet - Completed initialization in 5 ms
2024-04-27 11:53:35 [http-nio-8080-exec-1] DEBUG o.s.web.servlet.DispatcherServlet - POST "/api/v1/money/fill", parameters={}
2024-04-27 11:53:35 [http-nio-8080-exec-1] DEBUG o.s.w.s.m.m.a.RequestMappingHandlerMapping - Mapped to com.mokhir.dev.ATM.controller.CardTransactionController#fill(FillingReqDto, HttpServletRequest)
2024-04-27 11:53:35 [http-nio-8080-exec-1] DEBUG o.s.w.s.m.m.a.RequestResponseBodyMethodProcessor - Read "application/json;charset=UTF-8" to [FillingReqDto(cardNumber=8600558185691201, cardPin=2020, chequeIsNeed=true, amount=100000)]
2024-04-27 11:53:35 [http-nio-8080-exec-1] INFO  c.mokhir.dev.ATM.service.CardService - Client host : 		 "192.168.68.173"
2024-04-27 11:53:35 [http-nio-8080-exec-1] INFO  c.mokhir.dev.ATM.service.CardService - Client IP :  		 "localhost"
2024-04-27 11:53:35 [http-nio-8080-exec-1] INFO  c.mokhir.dev.ATM.service.CardService - Client host : 		 "192.168.68.173"
2024-04-27 11:53:35 [http-nio-8080-exec-1] INFO  c.mokhir.dev.ATM.service.CardService - Client IP :  		 "localhost"
2024-04-27 11:53:35 [http-nio-8080-exec-1] DEBUG o.s.w.s.m.m.a.HttpEntityMethodProcessor - Using 'application/json', given [*/*] and supported [application/json, application/*+json]
2024-04-27 11:53:35 [http-nio-8080-exec-1] DEBUG o.s.w.s.m.m.a.HttpEntityMethodProcessor - Writing [CashingResDto(id=164, cardNumber=860055******1201, amount=100000, chequeIsNeed=true, cashingTypeId=n (truncated)...]
2024-04-27 11:53:35 [http-nio-8080-exec-1] DEBUG o.s.web.servlet.DispatcherServlet - Completed 200 OK
2024-04-27 11:58:33 [SpringApplicationShutdownHook] INFO  o.s.o.j.LocalContainerEntityManagerFactoryBean - Closing JPA EntityManagerFactory for persistence unit 'default'
2024-04-27 11:58:33 [SpringApplicationShutdownHook] INFO  com.zaxxer.hikari.HikariDataSource - HikariPool-1 - Shutdown initiated...
2024-04-27 11:58:33 [SpringApplicationShutdownHook] INFO  com.zaxxer.hikari.HikariDataSource - HikariPool-1 - Shutdown completed.
2024-04-27 11:58:45 [main] INFO  com.mokhir.dev.ATM.AtmApplication - Starting AtmApplication using Java 17.0.11 with PID 8928 (C:\Users\moxir\IdeaProjects\ATM\target\classes started by moxir in C:\Users\moxir\IdeaProjects\ATM)
2024-04-27 11:58:45 [main] INFO  com.mokhir.dev.ATM.AtmApplication - No active profile set, falling back to 1 default profile: "default"
2024-04-27 11:58:46 [main] INFO  o.s.d.r.c.RepositoryConfigurationDelegate - Bootstrapping Spring Data JPA repositories in DEFAULT mode.
2024-04-27 11:58:46 [main] INFO  o.s.d.r.c.RepositoryConfigurationDelegate - Finished Spring Data repository scanning in 91 ms. Found 7 JPA repository interfaces.
2024-04-27 11:58:46 [main] INFO  o.s.b.w.e.tomcat.TomcatWebServer - Tomcat initialized with port 8080 (http)
2024-04-27 11:58:46 [main] INFO  o.a.catalina.core.StandardService - Starting service [Tomcat]
2024-04-27 11:58:46 [main] INFO  o.a.catalina.core.StandardEngine - Starting Servlet engine: [Apache Tomcat/10.1.20]
2024-04-27 11:58:47 [main] INFO  o.a.c.c.C.[Tomcat].[localhost].[/] - Initializing Spring embedded WebApplicationContext
2024-04-27 11:58:47 [main] INFO  o.s.b.w.s.c.ServletWebServerApplicationContext - Root WebApplicationContext: initialization completed in 1857 ms
2024-04-27 11:58:47 [main] INFO  o.s.o.j.p.SpringPersistenceUnitInfo - No LoadTimeWeaver setup: ignoring JPA class transformer
2024-04-27 11:58:47 [main] INFO  com.zaxxer.hikari.HikariDataSource - HikariPool-1 - Starting...
2024-04-27 11:58:47 [main] INFO  com.zaxxer.hikari.pool.HikariPool - HikariPool-1 - Added connection org.postgresql.jdbc.PgConnection@5423a17
2024-04-27 11:58:47 [main] INFO  com.zaxxer.hikari.HikariDataSource - HikariPool-1 - Start completed.
2024-04-27 11:58:49 [main] INFO  o.s.o.j.LocalContainerEntityManagerFactoryBean - Initialized JPA EntityManagerFactory for persistence unit 'default'
2024-04-27 11:58:50 [main] WARN  o.s.b.a.o.j.JpaBaseConfiguration$JpaWebConfiguration - spring.jpa.open-in-view is enabled by default. Therefore, database queries may be performed during view rendering. Explicitly configure spring.jpa.open-in-view to disable this warning
2024-04-27 11:58:50 [main] DEBUG o.s.w.s.m.m.a.RequestMappingHandlerMapping - 19 mappings in 'requestMappingHandlerMapping'
2024-04-27 11:58:50 [main] DEBUG o.s.w.s.h.SimpleUrlHandlerMapping - Patterns [/webjars/**, /**] in 'resourceHandlerMapping'
2024-04-27 11:58:50 [main] DEBUG o.s.w.s.m.m.a.RequestMappingHandlerAdapter - ControllerAdvice beans: 0 @ModelAttribute, 0 @InitBinder, 1 RequestBodyAdvice, 1 ResponseBodyAdvice
2024-04-27 11:58:50 [main] DEBUG o.s.w.s.m.m.a.ExceptionHandlerExceptionResolver - ControllerAdvice beans: 1 @ExceptionHandler, 1 ResponseBodyAdvice
2024-04-27 11:58:50 [main] INFO  o.s.b.w.e.tomcat.TomcatWebServer - Tomcat started on port 8080 (http) with context path ''
2024-04-27 11:58:50 [main] INFO  com.mokhir.dev.ATM.AtmApplication - Started AtmApplication in 6.555 seconds (process running for 8.32)
2024-04-27 11:59:24 [http-nio-8080-exec-1] INFO  o.a.c.c.C.[Tomcat].[localhost].[/] - Initializing Spring DispatcherServlet 'dispatcherServlet'
2024-04-27 11:59:24 [http-nio-8080-exec-1] INFO  o.s.web.servlet.DispatcherServlet - Initializing Servlet 'dispatcherServlet'
2024-04-27 11:59:24 [http-nio-8080-exec-1] DEBUG o.s.web.servlet.DispatcherServlet - Detected StandardServletMultipartResolver
2024-04-27 11:59:24 [http-nio-8080-exec-1] DEBUG o.s.web.servlet.DispatcherServlet - Detected AcceptHeaderLocaleResolver
2024-04-27 11:59:24 [http-nio-8080-exec-1] DEBUG o.s.web.servlet.DispatcherServlet - Detected FixedThemeResolver
2024-04-27 11:59:24 [http-nio-8080-exec-1] DEBUG o.s.web.servlet.DispatcherServlet - Detected org.springframework.web.servlet.view.DefaultRequestToViewNameTranslator@304cad3a
2024-04-27 11:59:24 [http-nio-8080-exec-1] DEBUG o.s.web.servlet.DispatcherServlet - Detected org.springframework.web.servlet.support.SessionFlashMapManager@2ca464bb
2024-04-27 11:59:24 [http-nio-8080-exec-1] DEBUG o.s.web.servlet.DispatcherServlet - enableLoggingRequestDetails='false': request parameters and headers will be masked to prevent unsafe logging of potentially sensitive data
2024-04-27 11:59:24 [http-nio-8080-exec-1] INFO  o.s.web.servlet.DispatcherServlet - Completed initialization in 5 ms
2024-04-27 11:59:24 [http-nio-8080-exec-1] DEBUG o.s.web.servlet.DispatcherServlet - POST "/api/v1/money/fill", parameters={}
2024-04-27 11:59:24 [http-nio-8080-exec-1] DEBUG o.s.w.s.m.m.a.RequestMappingHandlerMapping - Mapped to com.mokhir.dev.ATM.controller.CardTransactionController#fill(FillingReqDto, HttpServletRequest)
2024-04-27 11:59:24 [http-nio-8080-exec-1] DEBUG o.s.w.s.m.m.a.RequestResponseBodyMethodProcessor - Read "application/json;charset=UTF-8" to [FillingReqDto(cardNumber=8600558185691201, cardPin=2020, chequeIsNeed=true, amount=100000)]
2024-04-27 11:59:24 [http-nio-8080-exec-1] INFO  c.mokhir.dev.ATM.service.CardService - Client host : 		 "192.168.68.173"
2024-04-27 11:59:24 [http-nio-8080-exec-1] INFO  c.mokhir.dev.ATM.service.CardService - Client IP :  		 "localhost"
2024-04-27 11:59:24 [http-nio-8080-exec-1] INFO  c.mokhir.dev.ATM.service.CardService - Client host : 		 "192.168.68.173"
2024-04-27 11:59:24 [http-nio-8080-exec-1] INFO  c.mokhir.dev.ATM.service.CardService - Client IP :  		 "localhost"
2024-04-27 11:59:24 [http-nio-8080-exec-1] DEBUG o.s.w.s.m.m.a.HttpEntityMethodProcessor - Using 'application/json', given [*/*] and supported [application/json, application/*+json]
2024-04-27 11:59:24 [http-nio-8080-exec-1] DEBUG o.s.w.s.m.m.a.HttpEntityMethodProcessor - Writing [CashingResDto(id=165, cardNumber=860055******1201, amount=99000.0, chequeIsNeed=true, cashingTypeId= (truncated)...]
2024-04-27 11:59:24 [http-nio-8080-exec-1] DEBUG o.s.web.servlet.DispatcherServlet - Completed 200 OK
2024-04-27 12:05:57 [http-nio-8080-exec-5] DEBUG o.s.web.servlet.DispatcherServlet - POST "/api/v1/money/fill", parameters={}
2024-04-27 12:05:57 [http-nio-8080-exec-5] DEBUG o.s.w.s.m.m.a.RequestMappingHandlerMapping - Mapped to com.mokhir.dev.ATM.controller.CardTransactionController#fill(FillingReqDto, HttpServletRequest)
2024-04-27 12:05:57 [http-nio-8080-exec-5] DEBUG o.s.w.s.m.m.a.RequestResponseBodyMethodProcessor - Read "application/json;charset=UTF-8" to [FillingReqDto(cardNumber=8600558185691201, cardPin=2020, chequeIsNeed=true, amount=100000)]
2024-04-27 12:05:57 [http-nio-8080-exec-5] INFO  c.mokhir.dev.ATM.service.CardService - Client host : 		 "192.168.68.173"
2024-04-27 12:05:57 [http-nio-8080-exec-5] INFO  c.mokhir.dev.ATM.service.CardService - Client IP :  		 "localhost"
2024-04-27 12:05:57 [http-nio-8080-exec-5] INFO  c.mokhir.dev.ATM.service.CardService - Client host : 		 "192.168.68.173"
2024-04-27 12:05:57 [http-nio-8080-exec-5] INFO  c.mokhir.dev.ATM.service.CardService - Client IP :  		 "localhost"
2024-04-27 12:05:57 [http-nio-8080-exec-5] DEBUG o.s.w.s.m.m.a.HttpEntityMethodProcessor - Using 'application/json', given [*/*] and supported [application/json, application/*+json]
2024-04-27 12:05:57 [http-nio-8080-exec-5] DEBUG o.s.w.s.m.m.a.HttpEntityMethodProcessor - Writing [CashingResDto(id=166, cardNumber=860055******1201, amount=99000.0, chequeIsNeed=true, cashingTypeId= (truncated)...]
2024-04-27 12:05:57 [http-nio-8080-exec-5] DEBUG o.s.web.servlet.DispatcherServlet - Completed 200 OK
2024-04-27 12:06:33 [http-nio-8080-exec-6] DEBUG o.s.web.servlet.DispatcherServlet - POST "/api/v1/money/fill", parameters={}
2024-04-27 12:06:33 [http-nio-8080-exec-6] DEBUG o.s.w.s.m.m.a.RequestMappingHandlerMapping - Mapped to com.mokhir.dev.ATM.controller.CardTransactionController#fill(FillingReqDto, HttpServletRequest)
2024-04-27 12:06:33 [http-nio-8080-exec-6] DEBUG o.s.w.s.m.m.a.RequestResponseBodyMethodProcessor - Read "application/json;charset=UTF-8" to [FillingReqDto(cardNumber=8600558185691201, cardPin=2020, chequeIsNeed=true, amount=1500000)]
2024-04-27 12:06:33 [http-nio-8080-exec-6] INFO  c.mokhir.dev.ATM.service.CardService - Client host : 		 "192.168.68.173"
2024-04-27 12:06:33 [http-nio-8080-exec-6] INFO  c.mokhir.dev.ATM.service.CardService - Client IP :  		 "localhost"
2024-04-27 12:06:33 [http-nio-8080-exec-6] INFO  c.mokhir.dev.ATM.service.CardService - Client host : 		 "192.168.68.173"
2024-04-27 12:06:33 [http-nio-8080-exec-6] INFO  c.mokhir.dev.ATM.service.CardService - Client IP :  		 "localhost"
2024-04-27 12:06:33 [http-nio-8080-exec-6] DEBUG o.s.w.s.m.m.a.HttpEntityMethodProcessor - Using 'application/json', given [*/*] and supported [application/json, application/*+json]
2024-04-27 12:06:33 [http-nio-8080-exec-6] DEBUG o.s.w.s.m.m.a.HttpEntityMethodProcessor - Writing [CashingResDto(id=167, cardNumber=860055******1201, amount=1485000.0, chequeIsNeed=true, cashingTypeI (truncated)...]
2024-04-27 12:06:33 [http-nio-8080-exec-6] DEBUG o.s.web.servlet.DispatcherServlet - Completed 200 OK
2024-04-27 12:07:15 [http-nio-8080-exec-7] DEBUG o.s.web.servlet.DispatcherServlet - POST "/api/v1/money/fill", parameters={}
2024-04-27 12:07:15 [http-nio-8080-exec-7] DEBUG o.s.w.s.m.m.a.RequestMappingHandlerMapping - Mapped to com.mokhir.dev.ATM.controller.CardTransactionController#fill(FillingReqDto, HttpServletRequest)
2024-04-27 12:07:15 [http-nio-8080-exec-7] DEBUG o.s.w.s.m.m.a.RequestResponseBodyMethodProcessor - Read "application/json;charset=UTF-8" to [FillingReqDto(cardNumber=8600558185691201, cardPin=2020, chequeIsNeed=true, amount=100000)]
2024-04-27 12:07:15 [http-nio-8080-exec-7] INFO  c.mokhir.dev.ATM.service.CardService - Client host : 		 "192.168.68.173"
2024-04-27 12:07:15 [http-nio-8080-exec-7] INFO  c.mokhir.dev.ATM.service.CardService - Client IP :  		 "localhost"
2024-04-27 12:07:15 [http-nio-8080-exec-7] INFO  c.mokhir.dev.ATM.service.CardService - Client host : 		 "192.168.68.173"
2024-04-27 12:07:15 [http-nio-8080-exec-7] INFO  c.mokhir.dev.ATM.service.CardService - Client IP :  		 "localhost"
2024-04-27 12:07:15 [http-nio-8080-exec-7] DEBUG o.s.w.s.m.m.a.HttpEntityMethodProcessor - Using 'application/json', given [*/*] and supported [application/json, application/*+json]
2024-04-27 12:07:15 [http-nio-8080-exec-7] DEBUG o.s.w.s.m.m.a.HttpEntityMethodProcessor - Writing [CashingResDto(id=168, cardNumber=860055******1201, amount=99000.0, chequeIsNeed=true, cashingTypeId= (truncated)...]
2024-04-27 12:07:15 [http-nio-8080-exec-7] DEBUG o.s.web.servlet.DispatcherServlet - Completed 200 OK
2024-04-27 12:09:04 [SpringApplicationShutdownHook] INFO  o.s.o.j.LocalContainerEntityManagerFactoryBean - Closing JPA EntityManagerFactory for persistence unit 'default'
2024-04-27 12:09:04 [SpringApplicationShutdownHook] INFO  com.zaxxer.hikari.HikariDataSource - HikariPool-1 - Shutdown initiated...
2024-04-27 12:09:04 [SpringApplicationShutdownHook] INFO  com.zaxxer.hikari.HikariDataSource - HikariPool-1 - Shutdown completed.
2024-04-27 12:09:11 [main] INFO  com.mokhir.dev.ATM.AtmApplication - Starting AtmApplication using Java 17.0.11 with PID 16488 (C:\Users\moxir\IdeaProjects\ATM\target\classes started by moxir in C:\Users\moxir\IdeaProjects\ATM)
2024-04-27 12:09:11 [main] INFO  com.mokhir.dev.ATM.AtmApplication - No active profile set, falling back to 1 default profile: "default"
2024-04-27 12:09:12 [main] INFO  o.s.d.r.c.RepositoryConfigurationDelegate - Bootstrapping Spring Data JPA repositories in DEFAULT mode.
2024-04-27 12:09:12 [main] INFO  o.s.d.r.c.RepositoryConfigurationDelegate - Finished Spring Data repository scanning in 90 ms. Found 7 JPA repository interfaces.
2024-04-27 12:09:12 [main] INFO  o.s.b.w.e.tomcat.TomcatWebServer - Tomcat initialized with port 8080 (http)
2024-04-27 12:09:12 [main] INFO  o.a.catalina.core.StandardService - Starting service [Tomcat]
2024-04-27 12:09:12 [main] INFO  o.a.catalina.core.StandardEngine - Starting Servlet engine: [Apache Tomcat/10.1.20]
2024-04-27 12:09:12 [main] INFO  o.a.c.c.C.[Tomcat].[localhost].[/] - Initializing Spring embedded WebApplicationContext
2024-04-27 12:09:12 [main] INFO  o.s.b.w.s.c.ServletWebServerApplicationContext - Root WebApplicationContext: initialization completed in 1518 ms
2024-04-27 12:09:13 [main] INFO  o.s.o.j.p.SpringPersistenceUnitInfo - No LoadTimeWeaver setup: ignoring JPA class transformer
2024-04-27 12:09:13 [main] INFO  com.zaxxer.hikari.HikariDataSource - HikariPool-1 - Starting...
2024-04-27 12:09:13 [main] INFO  com.zaxxer.hikari.pool.HikariPool - HikariPool-1 - Added connection org.postgresql.jdbc.PgConnection@5423a17
2024-04-27 12:09:13 [main] INFO  com.zaxxer.hikari.HikariDataSource - HikariPool-1 - Start completed.
2024-04-27 12:09:15 [main] INFO  o.s.o.j.LocalContainerEntityManagerFactoryBean - Initialized JPA EntityManagerFactory for persistence unit 'default'
2024-04-27 12:09:15 [main] WARN  o.s.b.a.o.j.JpaBaseConfiguration$JpaWebConfiguration - spring.jpa.open-in-view is enabled by default. Therefore, database queries may be performed during view rendering. Explicitly configure spring.jpa.open-in-view to disable this warning
2024-04-27 12:09:15 [main] DEBUG o.s.w.s.m.m.a.RequestMappingHandlerMapping - 19 mappings in 'requestMappingHandlerMapping'
2024-04-27 12:09:16 [main] DEBUG o.s.w.s.h.SimpleUrlHandlerMapping - Patterns [/webjars/**, /**] in 'resourceHandlerMapping'
2024-04-27 12:09:16 [main] DEBUG o.s.w.s.m.m.a.RequestMappingHandlerAdapter - ControllerAdvice beans: 0 @ModelAttribute, 0 @InitBinder, 1 RequestBodyAdvice, 1 ResponseBodyAdvice
2024-04-27 12:09:16 [main] DEBUG o.s.w.s.m.m.a.ExceptionHandlerExceptionResolver - ControllerAdvice beans: 1 @ExceptionHandler, 1 ResponseBodyAdvice
2024-04-27 12:09:16 [main] INFO  o.s.b.w.e.tomcat.TomcatWebServer - Tomcat started on port 8080 (http) with context path ''
2024-04-27 12:09:16 [main] INFO  com.mokhir.dev.ATM.AtmApplication - Started AtmApplication in 5.511 seconds (process running for 6.573)
2024-04-27 12:09:32 [http-nio-8080-exec-2] INFO  o.a.c.c.C.[Tomcat].[localhost].[/] - Initializing Spring DispatcherServlet 'dispatcherServlet'
2024-04-27 12:09:32 [http-nio-8080-exec-2] INFO  o.s.web.servlet.DispatcherServlet - Initializing Servlet 'dispatcherServlet'
2024-04-27 12:09:32 [http-nio-8080-exec-2] DEBUG o.s.web.servlet.DispatcherServlet - Detected StandardServletMultipartResolver
2024-04-27 12:09:32 [http-nio-8080-exec-2] DEBUG o.s.web.servlet.DispatcherServlet - Detected AcceptHeaderLocaleResolver
2024-04-27 12:09:32 [http-nio-8080-exec-2] DEBUG o.s.web.servlet.DispatcherServlet - Detected FixedThemeResolver
2024-04-27 12:09:32 [http-nio-8080-exec-2] DEBUG o.s.web.servlet.DispatcherServlet - Detected org.springframework.web.servlet.view.DefaultRequestToViewNameTranslator@304cad3a
2024-04-27 12:09:32 [http-nio-8080-exec-2] DEBUG o.s.web.servlet.DispatcherServlet - Detected org.springframework.web.servlet.support.SessionFlashMapManager@2ca464bb
2024-04-27 12:09:32 [http-nio-8080-exec-2] DEBUG o.s.web.servlet.DispatcherServlet - enableLoggingRequestDetails='false': request parameters and headers will be masked to prevent unsafe logging of potentially sensitive data
2024-04-27 12:09:32 [http-nio-8080-exec-2] INFO  o.s.web.servlet.DispatcherServlet - Completed initialization in 3 ms
2024-04-27 12:09:32 [http-nio-8080-exec-2] DEBUG o.s.web.servlet.DispatcherServlet - POST "/api/v1/money/fill", parameters={}
2024-04-27 12:09:32 [http-nio-8080-exec-2] DEBUG o.s.w.s.m.m.a.RequestMappingHandlerMapping - Mapped to com.mokhir.dev.ATM.controller.CardTransactionController#fill(FillingReqDto, HttpServletRequest)
2024-04-27 12:09:32 [http-nio-8080-exec-2] DEBUG o.s.w.s.m.m.a.RequestResponseBodyMethodProcessor - Read "application/json;charset=UTF-8" to [FillingReqDto(cardNumber=8600558185691201, cardPin=2020, chequeIsNeed=true, amount=100000)]
2024-04-27 12:09:32 [http-nio-8080-exec-2] INFO  c.mokhir.dev.ATM.service.CardService - Client host : 		 "192.168.68.173"
2024-04-27 12:09:32 [http-nio-8080-exec-2] INFO  c.mokhir.dev.ATM.service.CardService - Client IP :  		 "localhost"
2024-04-27 12:09:32 [http-nio-8080-exec-2] INFO  c.mokhir.dev.ATM.service.CardService - Client host : 		 "192.168.68.173"
2024-04-27 12:09:32 [http-nio-8080-exec-2] INFO  c.mokhir.dev.ATM.service.CardService - Client IP :  		 "localhost"
2024-04-27 12:09:33 [http-nio-8080-exec-2] DEBUG o.s.w.s.m.m.a.HttpEntityMethodProcessor - Using 'application/json', given [*/*] and supported [application/json, application/*+json]
2024-04-27 12:09:33 [http-nio-8080-exec-2] DEBUG o.s.w.s.m.m.a.HttpEntityMethodProcessor - Writing [CashingResDto(id=169, cardNumber=860055******1201, amount=99000.0, commission=1000.0, chequeIsNeed=t (truncated)...]
2024-04-27 12:09:33 [http-nio-8080-exec-2] DEBUG o.s.web.servlet.DispatcherServlet - Completed 200 OK
2024-04-27 12:09:48 [http-nio-8080-exec-5] DEBUG o.s.web.servlet.DispatcherServlet - POST "/api/v1/money/fill", parameters={}
2024-04-27 12:09:48 [http-nio-8080-exec-5] DEBUG o.s.w.s.m.m.a.RequestMappingHandlerMapping - Mapped to com.mokhir.dev.ATM.controller.CardTransactionController#fill(FillingReqDto, HttpServletRequest)
2024-04-27 12:09:48 [http-nio-8080-exec-5] DEBUG o.s.w.s.m.m.a.RequestResponseBodyMethodProcessor - Read "application/json;charset=UTF-8" to [FillingReqDto(cardNumber=8600558185691201, cardPin=20220, chequeIsNeed=true, amount=100000)]
2024-04-27 12:09:48 [http-nio-8080-exec-5] DEBUG o.s.w.s.m.m.a.ExceptionHandlerExceptionResolver - Using @ExceptionHandler com.mokhir.dev.ATM.exceptions.controller.ExceptionController#on(MethodArgumentNotValidException)
2024-04-27 12:09:48 [http-nio-8080-exec-5] ERROR c.mokhir.dev.ATM.service.CardService - MethodArgumentNotValidException: Validation failed for argument [0] in public org.springframework.http.ResponseEntity<com.mokhir.dev.ATM.aggregate.dto.res_dto.CashingResDto> com.mokhir.dev.ATM.controller.CardTransactionController.fill(com.mokhir.dev.ATM.aggregate.dto.req_dto.FillingReqDto,jakarta.servlet.http.HttpServletRequest): [Field error in object 'fillingReqDto' on field 'cardPin': rejected value [20220]; codes [Pattern.fillingReqDto.cardPin,Pattern.cardPin,Pattern.java.lang.String,Pattern]; arguments [org.springframework.context.support.DefaultMessageSourceResolvable: codes [fillingReqDto.cardPin,cardPin]; arguments []; default message [cardPin],[Ljakarta.validation.constraints.Pattern$Flag;@540fa0fe,\d{4}]; default message [PIN code must be exactly 4 digits long]]  
2024-04-27 12:09:48 [http-nio-8080-exec-5] DEBUG o.s.w.s.m.m.a.HttpEntityMethodProcessor - Using 'application/json', given [*/*] and supported [application/json, application/*+json]
2024-04-27 12:09:48 [http-nio-8080-exec-5] DEBUG o.s.w.s.m.m.a.HttpEntityMethodProcessor - Writing [ErrorResponse(code=400, message=Error in validation: PIN code must be exactly 4 digits long: field n (truncated)...]
2024-04-27 12:09:48 [http-nio-8080-exec-5] DEBUG o.s.w.s.m.m.a.ExceptionHandlerExceptionResolver - Resolved [org.springframework.web.bind.MethodArgumentNotValidException: Validation failed for argument [0] in public org.springframework.http.ResponseEntity<com.mokhir.dev.ATM.aggregate.dto.res_dto.CashingResDto> com.mokhir.dev.ATM.controller.CardTransactionController.fill(com.mokhir.dev.ATM.aggregate.dto.req_dto.FillingReqDto,jakarta.servlet.http.HttpServletRequest): [Field error in object 'fillingReqDto' on field 'cardPin': rejected value [20220]; codes [Pattern.fillingReqDto.cardPin,Pattern.cardPin,Pattern.java.lang.String,Pattern]; arguments [org.springframework.context.support.DefaultMessageSourceResolvable: codes [fillingReqDto.cardPin,cardPin]; arguments []; default message [cardPin],[Ljakarta.validation.constraints.Pattern$Flag;@540fa0fe,\d{4}]; default message [PIN code must be exactly 4 digits long]] ]
2024-04-27 12:09:48 [http-nio-8080-exec-5] DEBUG o.s.web.servlet.DispatcherServlet - Completed 400 BAD_REQUEST
2024-04-27 12:09:57 [http-nio-8080-exec-7] DEBUG o.s.web.servlet.DispatcherServlet - POST "/api/v1/money/fill", parameters={}
2024-04-27 12:09:57 [http-nio-8080-exec-7] DEBUG o.s.w.s.m.m.a.RequestMappingHandlerMapping - Mapped to com.mokhir.dev.ATM.controller.CardTransactionController#fill(FillingReqDto, HttpServletRequest)
2024-04-27 12:09:57 [http-nio-8080-exec-7] DEBUG o.s.w.s.m.m.a.RequestResponseBodyMethodProcessor - Read "application/json;charset=UTF-8" to [FillingReqDto(cardNumber=8600558185691201, cardPin=20220, chequeIsNeed=true, amount=100000)]
2024-04-27 12:09:57 [http-nio-8080-exec-7] DEBUG o.s.w.s.m.m.a.ExceptionHandlerExceptionResolver - Using @ExceptionHandler com.mokhir.dev.ATM.exceptions.controller.ExceptionController#on(MethodArgumentNotValidException)
2024-04-27 12:09:57 [http-nio-8080-exec-7] ERROR c.mokhir.dev.ATM.service.CardService - MethodArgumentNotValidException: Validation failed for argument [0] in public org.springframework.http.ResponseEntity<com.mokhir.dev.ATM.aggregate.dto.res_dto.CashingResDto> com.mokhir.dev.ATM.controller.CardTransactionController.fill(com.mokhir.dev.ATM.aggregate.dto.req_dto.FillingReqDto,jakarta.servlet.http.HttpServletRequest): [Field error in object 'fillingReqDto' on field 'cardPin': rejected value [20220]; codes [Pattern.fillingReqDto.cardPin,Pattern.cardPin,Pattern.java.lang.String,Pattern]; arguments [org.springframework.context.support.DefaultMessageSourceResolvable: codes [fillingReqDto.cardPin,cardPin]; arguments []; default message [cardPin],[Ljakarta.validation.constraints.Pattern$Flag;@540fa0fe,\d{4}]; default message [PIN code must be exactly 4 digits long]]  
2024-04-27 12:09:57 [http-nio-8080-exec-7] DEBUG o.s.w.s.m.m.a.HttpEntityMethodProcessor - Using 'application/json', given [*/*] and supported [application/json, application/*+json]
2024-04-27 12:09:57 [http-nio-8080-exec-7] DEBUG o.s.w.s.m.m.a.HttpEntityMethodProcessor - Writing [ErrorResponse(code=400, message=Error in validation: PIN code must be exactly 4 digits long: field n (truncated)...]
2024-04-27 12:09:57 [http-nio-8080-exec-7] DEBUG o.s.w.s.m.m.a.ExceptionHandlerExceptionResolver - Resolved [org.springframework.web.bind.MethodArgumentNotValidException: Validation failed for argument [0] in public org.springframework.http.ResponseEntity<com.mokhir.dev.ATM.aggregate.dto.res_dto.CashingResDto> com.mokhir.dev.ATM.controller.CardTransactionController.fill(com.mokhir.dev.ATM.aggregate.dto.req_dto.FillingReqDto,jakarta.servlet.http.HttpServletRequest): [Field error in object 'fillingReqDto' on field 'cardPin': rejected value [20220]; codes [Pattern.fillingReqDto.cardPin,Pattern.cardPin,Pattern.java.lang.String,Pattern]; arguments [org.springframework.context.support.DefaultMessageSourceResolvable: codes [fillingReqDto.cardPin,cardPin]; arguments []; default message [cardPin],[Ljakarta.validation.constraints.Pattern$Flag;@540fa0fe,\d{4}]; default message [PIN code must be exactly 4 digits long]] ]
2024-04-27 12:09:57 [http-nio-8080-exec-7] DEBUG o.s.web.servlet.DispatcherServlet - Completed 400 BAD_REQUEST
2024-04-27 12:10:14 [http-nio-8080-exec-9] DEBUG o.s.web.servlet.DispatcherServlet - POST "/api/v1/money/fill", parameters={}
2024-04-27 12:10:14 [http-nio-8080-exec-9] DEBUG o.s.w.s.m.m.a.RequestMappingHandlerMapping - Mapped to com.mokhir.dev.ATM.controller.CardTransactionController#fill(FillingReqDto, HttpServletRequest)
2024-04-27 12:10:14 [http-nio-8080-exec-9] DEBUG o.s.w.s.m.m.a.RequestResponseBodyMethodProcessor - Read "application/json;charset=UTF-8" to [FillingReqDto(cardNumber=8600558185691201, cardPin=2020, chequeIsNeed=true, amount=10)]
2024-04-27 12:10:14 [http-nio-8080-exec-9] DEBUG o.s.w.s.m.m.a.ExceptionHandlerExceptionResolver - Using @ExceptionHandler com.mokhir.dev.ATM.exceptions.controller.ExceptionController#on(MethodArgumentNotValidException)
2024-04-27 12:10:14 [http-nio-8080-exec-9] ERROR c.mokhir.dev.ATM.service.CardService - MethodArgumentNotValidException: Validation failed for argument [0] in public org.springframework.http.ResponseEntity<com.mokhir.dev.ATM.aggregate.dto.res_dto.CashingResDto> com.mokhir.dev.ATM.controller.CardTransactionController.fill(com.mokhir.dev.ATM.aggregate.dto.req_dto.FillingReqDto,jakarta.servlet.http.HttpServletRequest): [Field error in object 'fillingReqDto' on field 'amount': rejected value [10]; codes [Min.fillingReqDto.amount,Min.amount,Min.java.lang.String,Min]; arguments [org.springframework.context.support.DefaultMessageSourceResolvable: codes [fillingReqDto.amount,amount]; arguments []; default message [amount],5000]; default message [    5000]]  
2024-04-27 12:10:14 [http-nio-8080-exec-9] DEBUG o.s.w.s.m.m.a.HttpEntityMethodProcessor - Using 'application/json', given [*/*] and supported [application/json, application/*+json]
2024-04-27 12:10:14 [http-nio-8080-exec-9] DEBUG o.s.w.s.m.m.a.HttpEntityMethodProcessor - Writing [ErrorResponse(code=400, message=Error in validation:     5000: field name: amount, (truncated)...]
2024-04-27 12:10:14 [http-nio-8080-exec-9] DEBUG o.s.w.s.m.m.a.ExceptionHandlerExceptionResolver - Resolved [org.springframework.web.bind.MethodArgumentNotValidException: Validation failed for argument [0] in public org.springframework.http.ResponseEntity<com.mokhir.dev.ATM.aggregate.dto.res_dto.CashingResDto> com.mokhir.dev.ATM.controller.CardTransactionController.fill(com.mokhir.dev.ATM.aggregate.dto.req_dto.FillingReqDto,jakarta.servlet.http.HttpServletRequest): [Field error in object 'fillingReqDto' on field 'amount': rejected value [10]; codes [Min.fillingReqDto.amount,Min.amount,Min.java.lang.String,Min]; arguments [org.springframework.context.support.DefaultMessageSourceResolvable: codes [fillingReqDto.amount,amount]; arguments []; default message [amount],5000]; default message [    5000]] ]
2024-04-27 12:10:14 [http-nio-8080-exec-9] DEBUG o.s.web.servlet.DispatcherServlet - Completed 400 BAD_REQUEST
2024-04-27 12:10:34 [http-nio-8080-exec-3] DEBUG o.s.web.servlet.DispatcherServlet - POST "/api/v1/money/fill", parameters={}
2024-04-27 12:10:34 [http-nio-8080-exec-3] DEBUG o.s.w.s.m.m.a.RequestMappingHandlerMapping - Mapped to com.mokhir.dev.ATM.controller.CardTransactionController#fill(FillingReqDto, HttpServletRequest)
2024-04-27 12:10:34 [http-nio-8080-exec-3] DEBUG o.s.w.s.m.m.a.RequestResponseBodyMethodProcessor - Read "application/json;charset=UTF-8" to [FillingReqDto(cardNumber=8600558185691201, cardPin=2020, chequeIsNeed=true, amount=100000)]
2024-04-27 12:10:34 [http-nio-8080-exec-3] INFO  c.mokhir.dev.ATM.service.CardService - Client host : 		 "192.168.68.173"
2024-04-27 12:10:34 [http-nio-8080-exec-3] INFO  c.mokhir.dev.ATM.service.CardService - Client IP :  		 "localhost"
2024-04-27 12:10:34 [http-nio-8080-exec-3] INFO  c.mokhir.dev.ATM.service.CardService - Client host : 		 "192.168.68.173"
2024-04-27 12:10:34 [http-nio-8080-exec-3] INFO  c.mokhir.dev.ATM.service.CardService - Client IP :  		 "localhost"
2024-04-27 12:10:34 [http-nio-8080-exec-3] DEBUG o.s.w.s.m.m.a.HttpEntityMethodProcessor - Using 'application/json', given [*/*] and supported [application/json, application/*+json]
2024-04-27 12:10:34 [http-nio-8080-exec-3] DEBUG o.s.w.s.m.m.a.HttpEntityMethodProcessor - Writing [CashingResDto(id=170, cardNumber=860055******1201, amount=99000.0, commission=1000.0, chequeIsNeed=t (truncated)...]
2024-04-27 12:10:34 [http-nio-8080-exec-3] DEBUG o.s.web.servlet.DispatcherServlet - Completed 200 OK
